[INFO][main][2017-07-13 21:39:53][org.springframework.context.support.AbstractApplicationContext] - Refreshing org.springframework.context.support.ClassPathXmlApplicationContext@721e0f4f: startup date [Thu Jul 13 21:39:53 CST 2017]; root of context hierarchy
[INFO][main][2017-07-13 21:39:53][org.springframework.beans.factory.xml.XmlBeanDefinitionReader] - Loading XML bean definitions from class path resource [spring-mvc.xml]
[INFO][main][2017-07-13 21:39:53][org.springframework.beans.factory.xml.XmlBeanDefinitionReader] - Loading XML bean definitions from class path resource [spring-mybatis.xml]
[INFO][main][2017-07-13 21:39:54][org.springframework.core.io.support.PropertiesLoaderSupport] - Loading properties file from class path resource [jdbc.properties]
[INFO][main][2017-07-13 21:39:54][org.springframework.beans.factory.annotation.AutowiredAnnotationBeanPostProcessor] - JSR-330 'javax.inject.Inject' annotation found and supported for autowiring
[INFO][main][2017-07-13 21:39:55][org.springframework.web.servlet.handler.AbstractHandlerMethodMapping$MappingRegistry] - Mapped "{[/user/showUser],methods=[GET],produces=[application/json;charset=UTF-8]}" onto public java.lang.String com.fzu.edu.controller.UserController.query(int,int)
[INFO][main][2017-07-13 21:39:55][org.springframework.web.servlet.handler.AbstractHandlerMethodMapping$MappingRegistry] - Mapped "{[/user/addUser],methods=[POST],produces=[application/json;charset=UTF-8]}" onto public java.lang.String com.fzu.edu.controller.UserController.addUser(java.lang.String,java.lang.String,java.lang.Integer,java.lang.Integer,java.lang.String,java.lang.String,java.lang.String,java.lang.String,java.lang.String,java.lang.String)
[INFO][main][2017-07-13 21:39:55][org.springframework.web.servlet.mvc.method.annotation.RequestMappingHandlerAdapter] - Looking for @ControllerAdvice: org.springframework.context.support.ClassPathXmlApplicationContext@721e0f4f: startup date [Thu Jul 13 21:39:53 CST 2017]; root of context hierarchy
[INFO][main][2017-07-13 21:39:55][org.springframework.web.servlet.mvc.method.annotation.RequestMappingHandlerAdapter] - Looking for @ControllerAdvice: org.springframework.context.support.ClassPathXmlApplicationContext@721e0f4f: startup date [Thu Jul 13 21:39:53 CST 2017]; root of context hierarchy
[INFO][main][2017-07-13 21:39:56][org.springframework.web.servlet.handler.AbstractUrlHandlerMapping] - Mapped URL path [/**] onto handler 'org.springframework.web.servlet.resource.DefaultServletHttpRequestHandler#0'
[INFO][main][2017-07-13 21:41:02][org.springframework.context.support.AbstractApplicationContext] - Refreshing org.springframework.context.support.ClassPathXmlApplicationContext@721e0f4f: startup date [Thu Jul 13 21:41:02 CST 2017]; root of context hierarchy
[INFO][main][2017-07-13 21:41:02][org.springframework.beans.factory.xml.XmlBeanDefinitionReader] - Loading XML bean definitions from class path resource [spring-mvc.xml]
[INFO][main][2017-07-13 21:41:02][org.springframework.beans.factory.xml.XmlBeanDefinitionReader] - Loading XML bean definitions from class path resource [spring-mybatis.xml]
[INFO][main][2017-07-13 21:41:02][org.springframework.core.io.support.PropertiesLoaderSupport] - Loading properties file from class path resource [jdbc.properties]
[INFO][main][2017-07-13 21:41:02][org.springframework.beans.factory.annotation.AutowiredAnnotationBeanPostProcessor] - JSR-330 'javax.inject.Inject' annotation found and supported for autowiring
[INFO][main][2017-07-13 21:41:03][org.springframework.web.servlet.handler.AbstractHandlerMethodMapping$MappingRegistry] - Mapped "{[/user/showUser],methods=[GET],produces=[application/json;charset=UTF-8]}" onto public java.lang.String com.fzu.edu.controller.UserController.query(int,int)
[INFO][main][2017-07-13 21:41:03][org.springframework.web.servlet.handler.AbstractHandlerMethodMapping$MappingRegistry] - Mapped "{[/user/addUser],methods=[POST],produces=[application/json;charset=UTF-8]}" onto public java.lang.String com.fzu.edu.controller.UserController.addUser(java.lang.String,java.lang.String,java.lang.Integer,java.lang.Integer,java.lang.String,java.lang.String,java.lang.String,java.lang.String,java.lang.String,java.lang.String)
[INFO][main][2017-07-13 21:41:03][org.springframework.web.servlet.mvc.method.annotation.RequestMappingHandlerAdapter] - Looking for @ControllerAdvice: org.springframework.context.support.ClassPathXmlApplicationContext@721e0f4f: startup date [Thu Jul 13 21:41:02 CST 2017]; root of context hierarchy
[INFO][main][2017-07-13 21:41:03][org.springframework.web.servlet.mvc.method.annotation.RequestMappingHandlerAdapter] - Looking for @ControllerAdvice: org.springframework.context.support.ClassPathXmlApplicationContext@721e0f4f: startup date [Thu Jul 13 21:41:02 CST 2017]; root of context hierarchy
[INFO][main][2017-07-13 21:41:03][org.springframework.web.servlet.handler.AbstractUrlHandlerMapping] - Mapped URL path [/**] onto handler 'org.springframework.web.servlet.resource.DefaultServletHttpRequestHandler#0'
[INFO][main][2017-07-13 21:41:04][org.springframework.beans.factory.xml.XmlBeanDefinitionReader] - Loading XML bean definitions from class path resource [org/springframework/jdbc/support/sql-error-codes.xml]
[INFO][main][2017-07-13 21:41:04][org.springframework.jdbc.support.SQLErrorCodesFactory] - SQLErrorCodes loaded: [DB2, Derby, H2, HSQL, Informix, MS-SQL, MySQL, Oracle, PostgreSQL, Sybase, Hana]
[INFO][main][2017-07-13 21:42:23][org.springframework.context.support.AbstractApplicationContext] - Refreshing org.springframework.context.support.ClassPathXmlApplicationContext@721e0f4f: startup date [Thu Jul 13 21:42:23 CST 2017]; root of context hierarchy
[INFO][main][2017-07-13 21:42:23][org.springframework.beans.factory.xml.XmlBeanDefinitionReader] - Loading XML bean definitions from class path resource [spring-mvc.xml]
[INFO][main][2017-07-13 21:42:24][org.springframework.beans.factory.xml.XmlBeanDefinitionReader] - Loading XML bean definitions from class path resource [spring-mybatis.xml]
[INFO][main][2017-07-13 21:42:24][org.springframework.core.io.support.PropertiesLoaderSupport] - Loading properties file from class path resource [jdbc.properties]
[INFO][main][2017-07-13 21:42:24][org.springframework.beans.factory.annotation.AutowiredAnnotationBeanPostProcessor] - JSR-330 'javax.inject.Inject' annotation found and supported for autowiring
[INFO][main][2017-07-13 21:42:25][org.springframework.web.servlet.handler.AbstractHandlerMethodMapping$MappingRegistry] - Mapped "{[/user/showUser],methods=[GET],produces=[application/json;charset=UTF-8]}" onto public java.lang.String com.fzu.edu.controller.UserController.query(int,int)
[INFO][main][2017-07-13 21:42:25][org.springframework.web.servlet.handler.AbstractHandlerMethodMapping$MappingRegistry] - Mapped "{[/user/addUser],methods=[POST],produces=[application/json;charset=UTF-8]}" onto public java.lang.String com.fzu.edu.controller.UserController.addUser(java.lang.String,java.lang.String,java.lang.Integer,java.lang.Integer,java.lang.String,java.lang.String,java.lang.String,java.lang.String,java.lang.String,java.lang.String)
[INFO][main][2017-07-13 21:42:25][org.springframework.web.servlet.mvc.method.annotation.RequestMappingHandlerAdapter] - Looking for @ControllerAdvice: org.springframework.context.support.ClassPathXmlApplicationContext@721e0f4f: startup date [Thu Jul 13 21:42:23 CST 2017]; root of context hierarchy
[INFO][main][2017-07-13 21:42:25][org.springframework.web.servlet.mvc.method.annotation.RequestMappingHandlerAdapter] - Looking for @ControllerAdvice: org.springframework.context.support.ClassPathXmlApplicationContext@721e0f4f: startup date [Thu Jul 13 21:42:23 CST 2017]; root of context hierarchy
[INFO][main][2017-07-13 21:42:25][org.springframework.web.servlet.handler.AbstractUrlHandlerMapping] - Mapped URL path [/**] onto handler 'org.springframework.web.servlet.resource.DefaultServletHttpRequestHandler#0'
